2025-07-14 16:33:12.346 | INFO:     Started server process [1]
2025-07-14 16:33:12.346 | INFO:     Waiting for application startup.
2025-07-14 16:33:12.346 | INFO:     Application startup complete.
2025-07-14 16:33:12.349 | INFO:     Uvicorn running on http://0.0.0.0:8000 (Press CTRL+C to quit)
2025-07-14 16:33:44.641 | INFO:     172.18.0.1:53480 - "GET /docs HTTP/1.1" 200 OK
2025-07-14 16:33:45.197 | INFO:     172.18.0.1:53480 - "GET /openapi.json HTTP/1.1" 200 OK
2025-07-14 16:33:57.114 | 2025-07-14 21:33:57,110 - [WARNING] - (trapped) error reading bcrypt version
2025-07-14 16:33:57.114 | Traceback (most recent call last):
2025-07-14 16:33:57.114 |   File "/usr/local/lib/python3.10/site-packages/passlib/handlers/bcrypt.py", line 620, in _load_backend_mixin
2025-07-14 16:33:57.114 |     version = _bcrypt.__about__.__version__
2025-07-14 16:33:57.114 | AttributeError: module 'bcrypt' has no attribute '__about__'
2025-07-14 16:33:57.518 | INFO:     172.18.0.1:35060 - "POST /api/auth/register HTTP/1.1" 201 Created
2025-07-14 16:34:01.982 | INFO:     172.18.0.1:35060 - "POST /api/auth/login HTTP/1.1" 200 OK
2025-07-14 16:34:10.109 | 2025-07-14 21:34:10,109 - [INFO] - Iniciando el proceso de creación de instancia...
2025-07-14 16:34:10.605 | 2025-07-14 21:34:10,605 - [INFO] - Contenedor 'wa_instance_1_477bdd38' iniciado exitosamente.
2025-07-14 16:34:10.605 | 2025-07-14 21:34:10,605 - [INFO] - Verificando la instancia en: http://host.docker.internal:47549/api/server/status
2025-07-14 16:34:10.615 | 2025-07-14 21:34:10,614 - [INFO] - Esperando a la instancia en http://host.docker.internal:47549...
2025-07-14 16:34:12.622 | 2025-07-14 21:34:12,622 - [INFO] - Esperando a la instancia en http://host.docker.internal:47549...
2025-07-14 16:34:14.632 | 2025-07-14 21:34:14,631 - [INFO] - Esperando a la instancia en http://host.docker.internal:47549...
2025-07-14 16:34:16.660 | 2025-07-14 21:34:16,660 - [INFO] - ¡ÉXITO! La instancia en http://host.docker.internal:47549 está lista.
2025-07-14 16:34:16.660 | 2025-07-14 21:34:16,660 - [INFO] - Configurando sesión 'default' para la instancia en http://host.docker.internal:47549...
2025-07-14 16:34:16.660 | 2025-07-14 21:34:16,660 - [INFO] - URL del Webhook a configurar: http://host.docker.internal:8000/api/webhooks/waha/wa_instance_1_477bdd38
2025-07-14 16:34:16.693 | 2025-07-14 21:34:16,692 - [INFO] - Sesión 'default' configurada exitosamente. Respuesta: {'name': 'default', 'status': 'STOPPED', 'config': {'webhooks': [{'url': 'http://host.docker.internal:8000/api/webhooks/waha/wa_instance_1_477bdd38', 'events': ['message', 'session.status']}]}, 'me': None, 'engine': {}}
2025-07-14 16:34:16.708 | 2025-07-14 21:34:16,708 - [INFO] - Instancia 'wa_instance_1_477bdd38' guardada en la base de datos principal.
2025-07-14 16:34:16.712 | INFO:     172.18.0.1:39036 - "POST /api/instances/ HTTP/1.1" 201 Created
2025-07-14 16:37:03.149 | INFO:     172.18.0.1:48122 - "POST /api/webhooks/waha/wa_instance_1_477bdd38 HTTP/1.1" 200 OK
2025-07-14 16:37:15.574 | INFO:     172.18.0.1:38988 - "POST /api/webhooks/waha/wa_instance_1_477bdd38 HTTP/1.1" 200 OK
2025-07-14 16:38:14.877 | 2025-07-14 21:38:14,875 - [INFO] - Redirigiendo al usuario a la URL de autorización de GHL: https://marketplace.gohighlevel.com/oauth/chooselocation?response_type=code&redirect_uri=http%3A%2F%2Flocalhost%3A8000%2Fapi%2Fmarketplace%2Fcallback&client_id=68719344b0076c5c2d04091c-md0c6r0b&scope=contacts.readonly+contacts.write+conversations.readonly+conversations.write+conversations%2Fmessage.readonly+conversations%2Fmessage.write+users.readonly&state=user%3A1
2025-07-14 16:38:14.878 | INFO:     172.18.0.1:34978 - "GET /api/marketplace/connect HTTP/1.1" 307 Temporary Redirect
2025-07-14 16:38:15.392 | INFO:     172.18.0.1:34986 - "POST /api/webhooks/waha/wa_instance_1_477bdd38 HTTP/1.1" 200 OK
2025-07-14 16:38:23.075 | INFO:     172.18.0.1:46008 - "POST /api/webhooks/waha/wa_instance_1_477bdd38 HTTP/1.1" 200 OK
2025-07-14 16:38:43.971 | 2025-07-14 21:38:43,970 - [INFO] - Recibido callback de GHL con código de autorización y estado: user:1
2025-07-14 16:38:44.685 | 2025-07-14 21:38:44,684 - [INFO] - HTTP Request: POST https://services.leadconnectorhq.com/oauth/token "HTTP/1.1 200 OK"
2025-07-14 16:38:44.686 | 2025-07-14 21:38:44,686 - [INFO] - ================= RESPUESTA DE GOHIGHLEVEL =================
2025-07-14 16:38:44.686 | 2025-07-14 21:38:44,686 - [INFO] - Datos JSON recibidos de GHL: {
2025-07-14 16:38:44.686 |   "access_token": "eyJhbGciOiJSUzI1NiIsInR5cCI6IkpXVCJ9.eyJhdXRoQ2xhc3MiOiJMb2NhdGlvbiIsImF1dGhDbGFzc0lkIjoiVVl1T2hoekpid2dST1lDbTUxQUoiLCJzb3VyY2UiOiJJTlRFR1JBVElPTiIsInNvdXJjZUlkIjoiNjg3MTkzNDRiMDA3NmM1YzJkMDQwOTFjLW1kMGM2cjBiIiwiY2hhbm5lbCI6Ik9BVVRIIiwicHJpbWFyeUF1dGhDbGFzc0lkIjoiVVl1T2hoekpid2dST1lDbTUxQUoiLCJvYXV0aE1ldGEiOnsic2NvcGVzIjpbImNvbnRhY3RzLnJlYWRvbmx5IiwiY29udGFjdHMud3JpdGUiLCJjb252ZXJzYXRpb25zLnJlYWRvbmx5IiwiY29udmVyc2F0aW9ucy53cml0ZSIsImNvbnZlcnNhdGlvbnMvbWVzc2FnZS5yZWFkb25seSIsImNvbnZlcnNhdGlvbnMvbWVzc2FnZS53cml0ZSIsInVzZXJzLnJlYWRvbmx5Il0sImNsaWVudCI6IjY4NzE5MzQ0YjAwNzZjNWMyZDA0MDkxYyIsInZlcnNpb25JZCI6IjY4NzE5MzQ0YjAwNzZjNWMyZDA0MDkxYyIsImNsaWVudEtleSI6IjY4NzE5MzQ0YjAwNzZjNWMyZDA0MDkxYy1tZDBjNnIwYiJ9LCJpYXQiOjE3NTI1MjkxMjQuNDAzLCJleHAiOjE3NTI2MTU1MjQuNDAzfQ.NZSb3IW-hOcY_3ZTHLXGKuoQPm7iIs6a0231nPRZLGKgz53TDLNyY21V3yq6MKEnzEfTz7ZcKTIsMY0p4KpLJJPDLOyS9gJIENpdhQFpvuaOGkQgWJ01zpyHs2J3S15WiwGrCJHiJTAEI7Zm7LRl7N8IfMyxiDk6iKdBZGIMRKBEvKg6DG9MHGbslxTl5znCZdR8kF2vSo_Qzna14nMkqSu1orBdUa2Z208JqG5mJfMX3c2-g5JN0yjXrXDuD60hzhSQcBb-jOlSX-HSzDmxJnNB08ie2jIbQLlNlmNlEZex05k0PuuEIn1T_-3jzjsQyKzndFNmrZNYZEUE9ziRYLUT1g6Ph2uob_URAVz2MKhJlni2yR5O-A8EyZN8FEWK3KmH6SxR7oNhPk3AAba9xI9GpU3MsQhMyNZ9pqZS7JZ0nCAA3NPYVSujiVVeeXo9iQjcrnLP9Chn8mGYceWT64f64HlU-jSAo5RWRiAeoc72JsILJ7mkMl40kq4tgJjZs9dwRR7146dgJvHxmnVBwUMxpWffA_XFSFkQT76914nxs5hGmQxWFDNjGTokd4EzQG4AnE-2xxLNxJRHwap3k_OzX9rW3l70UUywOASk85xbhR0UBMwTn0wSJGlfxLsj-6UVQd9IIyLIKcp_LbiqOWaewhOf1AdsrY8S2NAP0Q0",
2025-07-14 16:38:44.686 |   "token_type": "Bearer",
2025-07-14 16:38:44.687 |   "expires_in": 86399,
2025-07-14 16:38:44.687 |   "refresh_token": "eyJhbGciOiJSUzI1NiIsInR5cCI6IkpXVCJ9.eyJhdXRoQ2xhc3MiOiJMb2NhdGlvbiIsImF1dGhDbGFzc0lkIjoiVVl1T2hoekpid2dST1lDbTUxQUoiLCJzb3VyY2UiOiJJTlRFR1JBVElPTiIsInNvdXJjZUlkIjoiNjg3MTkzNDRiMDA3NmM1YzJkMDQwOTFjLW1kMGM2cjBiIiwiY2hhbm5lbCI6Ik9BVVRIIiwicHJpbWFyeUF1dGhDbGFzc0lkIjoiVVl1T2hoekpid2dST1lDbTUxQUoiLCJvYXV0aE1ldGEiOnsic2NvcGVzIjpbImNvbnRhY3RzLnJlYWRvbmx5IiwiY29udGFjdHMud3JpdGUiLCJjb252ZXJzYXRpb25zLnJlYWRvbmx5IiwiY29udmVyc2F0aW9ucy53cml0ZSIsImNvbnZlcnNhdGlvbnMvbWVzc2FnZS5yZWFkb25seSIsImNvbnZlcnNhdGlvbnMvbWVzc2FnZS53cml0ZSIsInVzZXJzLnJlYWRvbmx5Il0sImNsaWVudCI6IjY4NzE5MzQ0YjAwNzZjNWMyZDA0MDkxYyIsInZlcnNpb25JZCI6IjY4NzE5MzQ0YjAwNzZjNWMyZDA0MDkxYyIsImNsaWVudEtleSI6IjY4NzE5MzQ0YjAwNzZjNWMyZDA0MDkxYy1tZDBjNnIwYiJ9LCJpYXQiOjE3NTI1MjkxMjQuNDExLCJleHAiOjE3ODQwNjUxMjQuNDExLCJ1bmlxdWVJZCI6IjRkNjc5ZjcxLTFlZTUtNGE5NS1hNDI4LTVjMjY4ZDYyNzZmZCIsInYiOiIyIn0.SiRU8FJN7vlWKwFwNXeAQ8TQKdlbulkEH4870UdXmw1o34eyBzl6Ha-TldLvMY3_2Uvjs_vpO7GQ_fvW8b6n1oMTtfhUbEr7BLoWDt1R--U_CQMdk_wH8Y6Hrb_y7Th7qdNhCNJrWE7jjxgLSRYZAQ3b1fHadRiyiII13mc6Z-4ut0IYmWmKN_rBNnxiF57oN0VzjuXAXmni6FNbyJ25eoeif7SV-Cwel-gf2Z7-0C-uoNx7AdUl9hZvh5VdlCUpEs3tjBUIgyU6JC2tSiwXpqOn1FtwRgPvgSR_5mp6re9Zwt0Jf2B03ydFDbU3jFuNVrq0BIw0hRwjYBg2oKCgg6_oxYvns7lWRNpojicXCMMCVhzd2JR1XyAqbf2wIkql9Qx0NWs6z1oTBr9xM87jzhZG2DD4Yn3EJhj9SkU4c4JuNVJUq10E8BQQ1dU1Yd-DlTmSuDI1AIAXNGj9694OFPkN2Uk3nfhwcwc8UQoTL1_bm4kBguIDUWNhLuG40G3V3OVPKYhCGnN70MHoMPly3-9YQ_Z5lJebeNA_MsfjSt5btnTSpiss-g1hprFSBbzTaxwKtNv2SD_jisQVnqtO5A0c4AVXGcZ4LisK_-8HDOVP_yhAeTnkNhGZTzU8XPo3MyfDuHZRSq2C5cVhBoKc-2mB6ovT9jgmT-lmtrOe3Kc",
2025-07-14 16:38:44.687 |   "scope": "contacts.readonly contacts.write conversations.readonly conversations.write conversations/message.readonly conversations/message.write users.readonly",
2025-07-14 16:38:44.687 |   "refreshTokenId": "687578e4443ccc4e3947940f",
2025-07-14 16:38:44.687 |   "userType": "Location",
2025-07-14 16:38:44.687 |   "companyId": "MneeEG6xXlnSZOWVUsLj",
2025-07-14 16:38:44.687 |   "locationId": "UYuOhhzJbwgROYCm51AJ",
2025-07-14 16:38:44.687 |   "isBulkInstallation": false,
2025-07-14 16:38:44.687 |   "userId": "1GvNWdDSNlCoDdOIvJAU"
2025-07-14 16:38:44.687 | }
2025-07-14 16:38:44.687 | 2025-07-14 21:38:44,686 - [INFO] - ==========================================================
2025-07-14 16:38:44.704 | 2025-07-14 21:38:44,703 - [INFO] - Datos guardados en la base de datos.
2025-07-14 16:38:44.704 | 2025-07-14 21:38:44,704 - [INFO] - Verificación post-guardado -> Access Token: OK
2025-07-14 16:38:44.704 | 2025-07-14 21:38:44,704 - [INFO] - Verificación post-guardado -> Location ID: UYuOhhzJbwgROYCm51AJ
2025-07-14 16:38:44.704 | 2025-07-14 21:38:44,704 - [INFO] - Verificación post-guardado -> User ID: 1GvNWdDSNlCoDdOIvJAU
2025-07-14 16:38:44.707 | INFO:     172.18.0.1:37656 - "GET /api/marketplace/callback?code=f14646a50e3fcaac3aea3593fa90f52b7c07174f&state=user%3A1 HTTP/1.1" 200 OK
2025-07-14 16:38:44.787 | INFO:     172.18.0.1:37662 - "GET /favicon.ico HTTP/1.1" 404 Not Found
2025-07-14 16:39:23.065 | INFO:     172.18.0.1:53466 - "POST /api/webhooks/waha/wa_instance_1_477bdd38 HTTP/1.1" 200 OK
2025-07-14 16:39:43.075 | INFO:     172.18.0.1:33722 - "POST /api/webhooks/waha/wa_instance_1_477bdd38 HTTP/1.1" 200 OK
2025-07-14 16:39:50.784 | INFO:     172.18.0.1:52240 - "POST /api/webhooks/waha/wa_instance_1_477bdd38 HTTP/1.1" 200 OK
2025-07-14 16:39:56.696 | INFO:     172.18.0.1:45896 - "POST /api/webhooks/waha/wa_instance_1_477bdd38 HTTP/1.1" 200 OK
2025-07-14 16:40:56.560 | INFO:     172.18.0.1:34848 - "POST /api/webhooks/waha/wa_instance_1_477bdd38 HTTP/1.1" 200 OK
2025-07-14 16:41:16.552 | INFO:     172.18.0.1:59614 - "POST /api/webhooks/waha/wa_instance_1_477bdd38 HTTP/1.1" 200 OK
2025-07-14 16:41:54.791 | INFO:     172.18.0.1:39790 - "POST /api/webhooks/waha/wa_instance_1_477bdd38 HTTP/1.1" 200 OK
2025-07-14 16:42:06.658 | 2025-07-14 21:42:06,657 - [INFO] - ==================== GHL -> SEND-MESSAGE ====================
2025-07-14 16:42:06.658 | 2025-07-14 21:42:06,657 - [INFO] - Petición de envío recibida desde GHL: {
2025-07-14 16:42:06.658 |   "userId": "1GvNWdDSNlCoDdOIvJAU",
2025-07-14 16:42:06.658 |   "attachments": [],
2025-07-14 16:42:06.658 |   "contactId": "ZhDEfMqaL6Asv7hLZ8uc",
2025-07-14 16:42:06.658 |   "locationId": "UYuOhhzJbwgROYCm51AJ",
2025-07-14 16:42:06.658 |   "messageId": "XBfnxTm1uQgFu82Q1VsJ",
2025-07-14 16:42:06.658 |   "type": "SMS",
2025-07-14 16:42:06.658 |   "conversationId": "qL3AslbEIdywrbsIvdP9",
2025-07-14 16:42:06.658 |   "phone": "+51922726164",
2025-07-14 16:42:06.658 |   "message": "hola",
2025-07-14 16:42:06.658 |   "customUserId": "+51922726164",
2025-07-14 16:42:06.658 |   "conversationProviderId": "6875354bb78d3c39b5dba3df"
2025-07-14 16:42:06.658 | }
2025-07-14 16:42:06.665 | 2025-07-14 21:42:06,664 - [INFO] - WAHA API Call: Enviando mensaje a +51922726164@c.us
2025-07-14 16:42:06.708 | 2025-07-14 21:42:06,698 - [ERROR] - Excepción inesperada en send_whatsapp_message: All connection attempts failed
2025-07-14 16:42:06.709 | Traceback (most recent call last):
2025-07-14 16:42:06.709 |   File "/usr/local/lib/python3.10/site-packages/httpx/_transports/default.py", line 101, in map_httpcore_exceptions
2025-07-14 16:42:06.709 |     yield
2025-07-14 16:42:06.709 |   File "/usr/local/lib/python3.10/site-packages/httpx/_transports/default.py", line 394, in handle_async_request
2025-07-14 16:42:06.709 |     resp = await self._pool.handle_async_request(req)
2025-07-14 16:42:06.709 |   File "/usr/local/lib/python3.10/site-packages/httpcore/_async/connection_pool.py", line 256, in handle_async_request
2025-07-14 16:42:06.709 |     raise exc from None
2025-07-14 16:42:06.709 |   File "/usr/local/lib/python3.10/site-packages/httpcore/_async/connection_pool.py", line 236, in handle_async_request
2025-07-14 16:42:06.709 |     response = await connection.handle_async_request(
2025-07-14 16:42:06.709 |   File "/usr/local/lib/python3.10/site-packages/httpcore/_async/connection.py", line 101, in handle_async_request
2025-07-14 16:42:06.709 |     raise exc
2025-07-14 16:42:06.709 |   File "/usr/local/lib/python3.10/site-packages/httpcore/_async/connection.py", line 78, in handle_async_request
2025-07-14 16:42:06.709 |     stream = await self._connect(request)
2025-07-14 16:42:06.709 |   File "/usr/local/lib/python3.10/site-packages/httpcore/_async/connection.py", line 124, in _connect
2025-07-14 16:42:06.709 |     stream = await self._network_backend.connect_tcp(**kwargs)
2025-07-14 16:42:06.709 |   File "/usr/local/lib/python3.10/site-packages/httpcore/_backends/auto.py", line 31, in connect_tcp
2025-07-14 16:42:06.709 |     return await self._backend.connect_tcp(
2025-07-14 16:42:06.709 |   File "/usr/local/lib/python3.10/site-packages/httpcore/_backends/anyio.py", line 113, in connect_tcp
2025-07-14 16:42:06.709 |     with map_exceptions(exc_map):
2025-07-14 16:42:06.709 |   File "/usr/local/lib/python3.10/contextlib.py", line 153, in __exit__
2025-07-14 16:42:06.709 |     self.gen.throw(typ, value, traceback)
2025-07-14 16:42:06.709 |   File "/usr/local/lib/python3.10/site-packages/httpcore/_exceptions.py", line 14, in map_exceptions
2025-07-14 16:42:06.709 |     raise to_exc(exc) from exc
2025-07-14 16:42:06.709 | httpcore.ConnectError: All connection attempts failed
2025-07-14 16:42:06.709 | 
2025-07-14 16:42:06.709 | The above exception was the direct cause of the following exception:
2025-07-14 16:42:06.709 | 
2025-07-14 16:42:06.709 | Traceback (most recent call last):
2025-07-14 16:42:06.709 |   File "/app/services/waha_service.py", line 25, in send_whatsapp_message
2025-07-14 16:42:06.709 |     response = await client.post(url, headers=headers, json=payload)
2025-07-14 16:42:06.709 |   File "/usr/local/lib/python3.10/site-packages/httpx/_client.py", line 1859, in post
2025-07-14 16:42:06.709 |     return await self.request(
2025-07-14 16:42:06.709 |   File "/usr/local/lib/python3.10/site-packages/httpx/_client.py", line 1540, in request
2025-07-14 16:42:06.709 |     return await self.send(request, auth=auth, follow_redirects=follow_redirects)
2025-07-14 16:42:06.709 |   File "/usr/local/lib/python3.10/site-packages/httpx/_client.py", line 1629, in send
2025-07-14 16:42:06.709 |     response = await self._send_handling_auth(
2025-07-14 16:42:06.709 |   File "/usr/local/lib/python3.10/site-packages/httpx/_client.py", line 1657, in _send_handling_auth
2025-07-14 16:42:06.709 |     response = await self._send_handling_redirects(
2025-07-14 16:42:06.709 |   File "/usr/local/lib/python3.10/site-packages/httpx/_client.py", line 1694, in _send_handling_redirects
2025-07-14 16:42:06.709 |     response = await self._send_single_request(request)
2025-07-14 16:42:06.709 |   File "/usr/local/lib/python3.10/site-packages/httpx/_client.py", line 1730, in _send_single_request
2025-07-14 16:42:06.709 |     response = await transport.handle_async_request(request)
2025-07-14 16:42:06.709 |   File "/usr/local/lib/python3.10/site-packages/httpx/_transports/default.py", line 393, in handle_async_request
2025-07-14 16:42:06.709 |     with map_httpcore_exceptions():
2025-07-14 16:42:06.709 |   File "/usr/local/lib/python3.10/contextlib.py", line 153, in __exit__
2025-07-14 16:42:06.709 |     self.gen.throw(typ, value, traceback)
2025-07-14 16:42:06.709 |   File "/usr/local/lib/python3.10/site-packages/httpx/_transports/default.py", line 118, in map_httpcore_exceptions
2025-07-14 16:42:06.709 |     raise mapped_exc(message) from exc
2025-07-14 16:42:06.709 | httpx.ConnectError: All connection attempts failed
2025-07-14 16:42:06.712 | INFO:     172.18.0.1:38012 - "POST /api/ghl-actions/send-message HTTP/1.1" 200 OK
2025-07-14 16:43:34.692 | 2025-07-14 21:43:34,691 - [INFO] - ==================== INICIO DE WEBHOOK DE CHAT ====================
2025-07-14 16:43:34.692 | 2025-07-14 21:43:34,691 - [INFO] - Webhook de chat válido recibido para la instancia 'wa_instance_1_477bdd38'
2025-07-14 16:43:34.693 | 2025-07-14 21:43:34,693 - [INFO] - Payload crudo procesado:
2025-07-14 16:43:34.693 | {
2025-07-14 16:43:34.693 |   "id": "evt_01k05e9ag75j36h9ceatkse4v9",
2025-07-14 16:43:34.694 |   "event": "message",
2025-07-14 16:43:34.694 |   "session": "default",
2025-07-14 16:43:34.694 |   "me": {
2025-07-14 16:43:34.694 |     "id": "51961001307@c.us",
2025-07-14 16:43:34.694 |     "pushName": "Sebastian Mafaldo"
2025-07-14 16:43:34.694 |   },
2025-07-14 16:43:34.694 |   "payload": {
2025-07-14 16:43:34.694 |     "id": "false_51921281892@c.us_3A250CC3D3951A25A34FADBCCE60F62C",
2025-07-14 16:43:34.694 |     "timestamp": 1752529414,
2025-07-14 16:43:34.694 |     "from": "51921281892@c.us",
2025-07-14 16:43:34.694 |     "fromMe": false,
2025-07-14 16:43:34.694 |     "to": "51961001307@c.us",
2025-07-14 16:43:34.694 |     "body": "S\u00ed",
2025-07-14 16:43:34.694 |     "hasMedia": false,
2025-07-14 16:43:34.694 |     "ack": 1,
2025-07-14 16:43:34.694 |     "ackName": "SERVER",
2025-07-14 16:43:34.694 |     "vCards": [],
2025-07-14 16:43:34.694 |     "_data": {
2025-07-14 16:43:34.694 |       "id": {
2025-07-14 16:43:34.694 |         "fromMe": false,
2025-07-14 16:43:34.694 |         "remote": "51921281892@c.us",
2025-07-14 16:43:34.694 |         "id": "3A250CC3D3951A25A34FADBCCE60F62C",
2025-07-14 16:43:34.694 |         "_serialized": "false_51921281892@c.us_3A250CC3D3951A25A34FADBCCE60F62C"
2025-07-14 16:43:34.694 |       },
2025-07-14 16:43:34.694 |       "viewed": false,
2025-07-14 16:43:34.694 |       "body": "S\u00ed",
2025-07-14 16:43:34.694 |       "type": "chat",
2025-07-14 16:43:34.694 |       "t": 1752529414,
2025-07-14 16:43:34.694 |       "notifyName": "Jim Padilla",
2025-07-14 16:43:34.694 |       "from": "51921281892@c.us",
2025-07-14 16:43:34.694 |       "to": "51961001307@c.us",
2025-07-14 16:43:34.694 |       "ack": 1,
2025-07-14 16:43:34.694 |       "invis": false,
2025-07-14 16:43:34.694 |       "isNewMsg": true,
2025-07-14 16:43:34.694 |       "star": false,
2025-07-14 16:43:34.694 |       "kicNotified": false,
2025-07-14 16:43:34.694 |       "recvFresh": true,
2025-07-14 16:43:34.694 |       "isFromTemplate": false,
2025-07-14 16:43:34.694 |       "pollInvalidated": false,
2025-07-14 16:43:34.694 |       "isSentCagPollCreation": false,
2025-07-14 16:43:34.694 |       "latestEditMsgKey": null,
2025-07-14 16:43:34.694 |       "latestEditSenderTimestampMs": null,
2025-07-14 16:43:34.694 |       "mentionedJidList": [],
2025-07-14 16:43:34.694 |       "groupMentions": [],
2025-07-14 16:43:34.694 |       "isEventCanceled": false,
2025-07-14 16:43:34.694 |       "eventInvalidated": false,
2025-07-14 16:43:34.694 |       "isVcardOverMmsDocument": false,
2025-07-14 16:43:34.694 |       "isForwarded": false,
2025-07-14 16:43:34.694 |       "isQuestion": false,
2025-07-14 16:43:34.694 |       "hasReaction": false,
2025-07-14 16:43:34.694 |       "viewMode": "VISIBLE",
2025-07-14 16:43:34.694 |       "messageSecret": {
2025-07-14 16:43:34.694 |         "0": 214,
2025-07-14 16:43:34.694 |         "1": 149,
2025-07-14 16:43:34.694 |         "2": 101,
2025-07-14 16:43:34.694 |         "3": 24,
2025-07-14 16:43:34.694 |         "4": 17,
2025-07-14 16:43:34.694 |         "5": 229,
2025-07-14 16:43:34.694 |         "6": 105,
2025-07-14 16:43:34.694 |         "7": 59,
2025-07-14 16:43:34.694 |         "8": 242,
2025-07-14 16:43:34.694 |         "9": 2,
2025-07-14 16:43:34.694 |         "10": 224,
2025-07-14 16:43:34.694 |         "11": 115,
2025-07-14 16:43:34.694 |         "12": 35,
2025-07-14 16:43:34.694 |         "13": 252,
2025-07-14 16:43:34.694 |         "14": 229,
2025-07-14 16:43:34.694 |         "15": 13,
2025-07-14 16:43:34.694 |         "16": 217,
2025-07-14 16:43:34.694 |         "17": 23,
2025-07-14 16:43:34.694 |         "18": 13,
2025-07-14 16:43:34.694 |         "19": 4,
2025-07-14 16:43:34.694 |         "20": 68,
2025-07-14 16:43:34.694 |         "21": 202,
2025-07-14 16:43:34.694 |         "22": 126,
2025-07-14 16:43:34.694 |         "23": 1,
2025-07-14 16:43:34.694 |         "24": 118,
2025-07-14 16:43:34.694 |         "25": 76,
2025-07-14 16:43:34.694 |         "26": 159,
2025-07-14 16:43:34.694 |         "27": 52,
2025-07-14 16:43:34.694 |         "28": 238,
2025-07-14 16:43:34.694 |         "29": 61,
2025-07-14 16:43:34.694 |         "30": 103,
2025-07-14 16:43:34.694 |         "31": 37
2025-07-14 16:43:34.694 |       },
2025-07-14 16:43:34.694 |       "productHeaderImageRejected": false,
2025-07-14 16:43:34.694 |       "lastPlaybackProgress": 0,
2025-07-14 16:43:34.694 |       "isDynamicReplyButtonsMsg": false,
2025-07-14 16:43:34.694 |       "isCarouselCard": false,
2025-07-14 16:43:34.694 |       "parentMsgId": null,
2025-07-14 16:43:34.694 |       "callSilenceReason": null,
2025-07-14 16:43:34.694 |       "isVideoCall": false,
2025-07-14 16:43:34.694 |       "callDuration": null,
2025-07-14 16:43:34.694 |       "callCreator": null,
2025-07-14 16:43:34.694 |       "callParticipants": null,
2025-07-14 16:43:34.694 |       "isCallLink": null,
2025-07-14 16:43:34.694 |       "callLinkToken": null,
2025-07-14 16:43:34.694 |       "isMdHistoryMsg": false,
2025-07-14 16:43:34.694 |       "stickerSentTs": 0,
2025-07-14 16:43:34.694 |       "isAvatar": false,
2025-07-14 16:43:34.694 |       "lastUpdateFromServerTs": 0,
2025-07-14 16:43:34.694 |       "invokedBotWid": null,
2025-07-14 16:43:34.694 |       "bizBotType": null,
2025-07-14 16:43:34.694 |       "botResponseTargetId": null,
2025-07-14 16:43:34.694 |       "botPluginType": null,
2025-07-14 16:43:34.694 |       "botPluginReferenceIndex": null,
2025-07-14 16:43:34.694 |       "botPluginSearchProvider": null,
2025-07-14 16:43:34.694 |       "botPluginSearchUrl": null,
2025-07-14 16:43:34.694 |       "botPluginSearchQuery": null,
2025-07-14 16:43:34.694 |       "botPluginMaybeParent": false,
2025-07-14 16:43:34.694 |       "botReelPluginThumbnailCdnUrl": null,
2025-07-14 16:43:34.694 |       "botMessageDisclaimerText": null,
2025-07-14 16:43:34.694 |       "botMsgBodyType": null,
2025-07-14 16:43:34.694 |       "reportingTokenInfo": {
2025-07-14 16:43:34.694 |         "reportingToken": {
2025-07-14 16:43:34.694 |           "0": 129,
2025-07-14 16:43:34.694 |           "1": 210,
2025-07-14 16:43:34.694 |           "2": 127,
2025-07-14 16:43:34.694 |           "3": 146,
2025-07-14 16:43:34.694 |           "4": 41,
2025-07-14 16:43:34.694 |           "5": 141,
2025-07-14 16:43:34.694 |           "6": 175,
2025-07-14 16:43:34.694 |           "7": 93,
2025-07-14 16:43:34.694 |           "8": 103,
2025-07-14 16:43:34.694 |           "9": 236,
2025-07-14 16:43:34.694 |           "10": 68,
2025-07-14 16:43:34.694 |           "11": 117,
2025-07-14 16:43:34.694 |           "12": 142,
2025-07-14 16:43:34.694 |           "13": 220,
2025-07-14 16:43:34.694 |           "14": 204,
2025-07-14 16:43:34.694 |           "15": 133
2025-07-14 16:43:34.694 |         },
2025-07-14 16:43:34.694 |         "version": 2,
2025-07-14 16:43:34.694 |         "reportingTag": {
2025-07-14 16:43:34.694 |           "0": 1,
2025-07-14 16:43:34.694 |           "1": 8,
2025-07-14 16:43:34.694 |           "2": 197,
2025-07-14 16:43:34.694 |           "3": 188,
2025-07-14 16:43:34.694 |           "4": 43,
2025-07-14 16:43:34.694 |           "5": 2,
2025-07-14 16:43:34.694 |           "6": 112,
2025-07-14 16:43:34.694 |           "7": 168,
2025-07-14 16:43:34.694 |           "8": 21,
2025-07-14 16:43:34.694 |           "9": 203,
2025-07-14 16:43:34.694 |           "10": 105,
2025-07-14 16:43:34.694 |           "11": 59,
2025-07-14 16:43:34.694 |           "12": 190,
2025-07-14 16:43:34.694 |           "13": 194,
2025-07-14 16:43:34.694 |           "14": 54,
2025-07-14 16:43:34.694 |           "15": 224,
2025-07-14 16:43:34.694 |           "16": 5,
2025-07-14 16:43:34.694 |           "17": 192,
2025-07-14 16:43:34.694 |           "18": 189,
2025-07-14 16:43:34.694 |           "19": 120
2025-07-14 16:43:34.694 |         }
2025-07-14 16:43:34.694 |       },
2025-07-14 16:43:34.694 |       "requiresDirectConnection": null,
2025-07-14 16:43:34.694 |       "bizContentPlaceholderType": null,
2025-07-14 16:43:34.694 |       "hostedBizEncStateMismatch": false,
2025-07-14 16:43:34.694 |       "senderOrRecipientAccountTypeHosted": false,
2025-07-14 16:43:34.694 |       "placeholderCreatedWhenAccountIsHosted": false,
2025-07-14 16:43:34.694 |       "links": []
2025-07-14 16:43:34.694 |     }
2025-07-14 16:43:34.694 |   },
2025-07-14 16:43:34.694 |   "engine": "WEBJS",
2025-07-14 16:43:34.694 |   "environment": {
2025-07-14 16:43:34.694 |     "version": "2025.2.1",
2025-07-14 16:43:34.694 |     "engine": "WEBJS",
2025-07-14 16:43:34.694 |     "tier": "CORE",
2025-07-14 16:43:34.694 |     "browser": "/usr/bin/chromium"
2025-07-14 16:43:34.694 |   }
2025-07-14 16:43:34.694 | }
2025-07-14 16:43:34.694 | 2025-07-14 21:43:34,693 - [INFO] - Webhook validado y encolado para procesamiento.
2025-07-14 16:43:34.696 | INFO:     172.18.0.1:40836 - "POST /api/webhooks/waha/wa_instance_1_477bdd38 HTTP/1.1" 200 OK
2025-07-14 16:43:34.696 | 2025-07-14 21:43:34,696 - [INFO] - --- [BG-TASK] Iniciando procesado para la instancia 'wa_instance_1_477bdd38' ---
2025-07-14 16:43:34.696 | 2025-07-14 21:43:34,696 - [INFO] - Datos (ENTRANTE) -> Contacto: Jim Padilla (51921281892), Mensaje: 'Sí'
2025-07-14 16:43:34.744 | 2025-07-14 21:43:34,744 - [INFO] - GHL API Call (get_or_create_contact): Intentando crear/obtener contacto para 51921281892
2025-07-14 16:43:35.310 | 2025-07-14 21:43:35,309 - [INFO] - HTTP Request: POST https://services.leadconnectorhq.com/contacts/ "HTTP/1.1 400 Bad Request"
2025-07-14 16:43:35.311 | 2025-07-14 21:43:35,311 - [INFO] - Contacto ya existente. ID recuperado del error: K1ZtJZXHtJlZqUJBBZsa
2025-07-14 16:43:35.312 | 2025-07-14 21:43:35,311 - [INFO] - Contacto en GHL listo. ID: K1ZtJZXHtJlZqUJBBZsa. Procediendo a añadir el mensaje...
2025-07-14 16:43:35.354 | 2025-07-14 21:43:35,354 - [INFO] - Buscando conversationId para el contacto: K1ZtJZXHtJlZqUJBBZsa
2025-07-14 16:43:35.928 | 2025-07-14 21:43:35,928 - [INFO] - HTTP Request: GET https://services.leadconnectorhq.com/conversations/search?contactId=K1ZtJZXHtJlZqUJBBZsa "HTTP/1.1 200 OK"
2025-07-14 16:43:35.931 | 2025-07-14 21:43:35,930 - [WARNING] - No se encontró conversationId para K1ZtJZXHtJlZqUJBBZsa. Se usará el contactId como fallback.
2025-07-14 16:43:35.970 | 2025-07-14 21:43:35,969 - [INFO] - GHL API Call (add_message): Añadiendo mensaje con payload: {"type": "WhatsApp", "contactId": "K1ZtJZXHtJlZqUJBBZsa", "conversationId": "K1ZtJZXHtJlZqUJBBZsa", "message": "S\u00ed", "direction": "inbound"}
2025-07-14 16:43:36.948 | 2025-07-14 21:43:36,947 - [INFO] - ==================== INICIO DE WEBHOOK DE CHAT ====================
2025-07-14 16:43:36.948 | 2025-07-14 21:43:36,948 - [INFO] - Webhook de chat válido recibido para la instancia 'wa_instance_1_477bdd38'
2025-07-14 16:43:36.949 | 2025-07-14 21:43:36,948 - [INFO] - Payload crudo procesado:
2025-07-14 16:43:36.949 | {
2025-07-14 16:43:36.949 |   "id": "evt_01k05e9cqb87f98061rhv2hmec",
2025-07-14 16:43:36.949 |   "event": "message",
2025-07-14 16:43:36.949 |   "session": "default",
2025-07-14 16:43:36.949 |   "me": {
2025-07-14 16:43:36.949 |     "id": "51961001307@c.us",
2025-07-14 16:43:36.949 |     "pushName": "Sebastian Mafaldo"
2025-07-14 16:43:36.949 |   },
2025-07-14 16:43:36.949 |   "payload": {
2025-07-14 16:43:36.949 |     "id": "false_51921281892@c.us_CAE469204DD999BAA42EC016FA275DFB",
2025-07-14 16:43:36.949 |     "timestamp": 1752529416,
2025-07-14 16:43:36.949 |     "from": "51921281892@c.us",
2025-07-14 16:43:36.949 |     "fromMe": false,
2025-07-14 16:43:36.949 |     "to": "51961001307@c.us",
2025-07-14 16:43:36.949 |     "body": "Qu\u00e9 fue",
2025-07-14 16:43:36.949 |     "hasMedia": false,
2025-07-14 16:43:36.949 |     "ack": 1,
2025-07-14 16:43:36.949 |     "ackName": "SERVER",
2025-07-14 16:43:36.949 |     "vCards": [],
2025-07-14 16:43:36.949 |     "_data": {
2025-07-14 16:43:36.949 |       "id": {
2025-07-14 16:43:36.949 |         "fromMe": false,
2025-07-14 16:43:36.949 |         "remote": "51921281892@c.us",
2025-07-14 16:43:36.949 |         "id": "CAE469204DD999BAA42EC016FA275DFB",
2025-07-14 16:43:36.949 |         "_serialized": "false_51921281892@c.us_CAE469204DD999BAA42EC016FA275DFB"
2025-07-14 16:43:36.949 |       },
2025-07-14 16:43:36.949 |       "viewed": false,
2025-07-14 16:43:36.949 |       "body": "Qu\u00e9 fue",
2025-07-14 16:43:36.949 |       "type": "chat",
2025-07-14 16:43:36.949 |       "t": 1752529416,
2025-07-14 16:43:36.949 |       "notifyName": "Jim Padilla",
2025-07-14 16:43:36.949 |       "from": "51921281892@c.us",
2025-07-14 16:43:36.949 |       "to": "51961001307@c.us",
2025-07-14 16:43:36.949 |       "ack": 1,
2025-07-14 16:43:36.949 |       "invis": false,
2025-07-14 16:43:36.949 |       "isNewMsg": true,
2025-07-14 16:43:36.949 |       "star": false,
2025-07-14 16:43:36.949 |       "kicNotified": false,
2025-07-14 16:43:36.949 |       "recvFresh": true,
2025-07-14 16:43:36.949 |       "isFromTemplate": false,
2025-07-14 16:43:36.949 |       "pollInvalidated": false,
2025-07-14 16:43:36.949 |       "isSentCagPollCreation": false,
2025-07-14 16:43:36.949 |       "latestEditMsgKey": null,
2025-07-14 16:43:36.949 |       "latestEditSenderTimestampMs": null,
2025-07-14 16:43:36.949 |       "mentionedJidList": [],
2025-07-14 16:43:36.949 |       "groupMentions": [],
2025-07-14 16:43:36.949 |       "isEventCanceled": false,
2025-07-14 16:43:36.949 |       "eventInvalidated": false,
2025-07-14 16:43:36.949 |       "isVcardOverMmsDocument": false,
2025-07-14 16:43:36.949 |       "isForwarded": false,
2025-07-14 16:43:36.949 |       "isQuestion": false,
2025-07-14 16:43:36.949 |       "hasReaction": false,
2025-07-14 16:43:36.949 |       "viewMode": "VISIBLE",
2025-07-14 16:43:36.949 |       "messageSecret": {
2025-07-14 16:43:36.949 |         "0": 151,
2025-07-14 16:43:36.949 |         "1": 165,
2025-07-14 16:43:36.949 |         "2": 194,
2025-07-14 16:43:36.949 |         "3": 250,
2025-07-14 16:43:36.949 |         "4": 46,
2025-07-14 16:43:36.949 |         "5": 143,
2025-07-14 16:43:36.949 |         "6": 236,
2025-07-14 16:43:36.949 |         "7": 115,
2025-07-14 16:43:36.949 |         "8": 208,
2025-07-14 16:43:36.949 |         "9": 226,
2025-07-14 16:43:36.949 |         "10": 154,
2025-07-14 16:43:36.949 |         "11": 204,
2025-07-14 16:43:36.949 |         "12": 61,
2025-07-14 16:43:36.949 |         "13": 59,
2025-07-14 16:43:36.949 |         "14": 84,
2025-07-14 16:43:36.949 |         "15": 35,
2025-07-14 16:43:36.949 |         "16": 116,
2025-07-14 16:43:36.949 |         "17": 156,
2025-07-14 16:43:36.949 |         "18": 40,
2025-07-14 16:43:36.949 |         "19": 120,
2025-07-14 16:43:36.949 |         "20": 250,
2025-07-14 16:43:36.949 |         "21": 181,
2025-07-14 16:43:36.949 |         "22": 40,
2025-07-14 16:43:36.949 |         "23": 183,
2025-07-14 16:43:36.949 |         "24": 207,
2025-07-14 16:43:36.949 |         "25": 156,
2025-07-14 16:43:36.949 |         "26": 172,
2025-07-14 16:43:36.949 |         "27": 252,
2025-07-14 16:43:36.949 |         "28": 150,
2025-07-14 16:43:36.949 |         "29": 99,
2025-07-14 16:43:36.949 |         "30": 51,
2025-07-14 16:43:36.949 |         "31": 86
2025-07-14 16:43:36.949 |       },
2025-07-14 16:43:36.949 |       "productHeaderImageRejected": false,
2025-07-14 16:43:36.949 |       "lastPlaybackProgress": 0,
2025-07-14 16:43:36.949 |       "isDynamicReplyButtonsMsg": false,
2025-07-14 16:43:36.949 |       "isCarouselCard": false,
2025-07-14 16:43:36.949 |       "parentMsgId": null,
2025-07-14 16:43:36.949 |       "callSilenceReason": null,
2025-07-14 16:43:36.949 |       "isVideoCall": false,
2025-07-14 16:43:36.949 |       "callDuration": null,
2025-07-14 16:43:36.949 |       "callCreator": null,
2025-07-14 16:43:36.949 |       "callParticipants": null,
2025-07-14 16:43:36.949 |       "isCallLink": null,
2025-07-14 16:43:36.949 |       "callLinkToken": null,
2025-07-14 16:43:36.949 |       "isMdHistoryMsg": false,
2025-07-14 16:43:36.949 |       "stickerSentTs": 0,
2025-07-14 16:43:36.949 |       "isAvatar": false,
2025-07-14 16:43:36.949 |       "lastUpdateFromServerTs": 0,
2025-07-14 16:43:36.949 |       "invokedBotWid": null,
2025-07-14 16:43:36.949 |       "bizBotType": null,
2025-07-14 16:43:36.949 |       "botResponseTargetId": null,
2025-07-14 16:43:36.949 |       "botPluginType": null,
2025-07-14 16:43:36.949 |       "botPluginReferenceIndex": null,
2025-07-14 16:43:36.949 |       "botPluginSearchProvider": null,
2025-07-14 16:43:36.949 |       "botPluginSearchUrl": null,
2025-07-14 16:43:36.949 |       "botPluginSearchQuery": null,
2025-07-14 16:43:36.949 |       "botPluginMaybeParent": false,
2025-07-14 16:43:36.949 |       "botReelPluginThumbnailCdnUrl": null,
2025-07-14 16:43:36.949 |       "botMessageDisclaimerText": null,
2025-07-14 16:43:36.949 |       "botMsgBodyType": null,
2025-07-14 16:43:36.949 |       "reportingTokenInfo": {
2025-07-14 16:43:36.949 |         "reportingToken": {
2025-07-14 16:43:36.949 |           "0": 145,
2025-07-14 16:43:36.949 |           "1": 51,
2025-07-14 16:43:36.949 |           "2": 191,
2025-07-14 16:43:36.949 |           "3": 249,
2025-07-14 16:43:36.949 |           "4": 65,
2025-07-14 16:43:36.949 |           "5": 102,
2025-07-14 16:43:36.949 |           "6": 18,
2025-07-14 16:43:36.949 |           "7": 38,
2025-07-14 16:43:36.949 |           "8": 47,
2025-07-14 16:43:36.949 |           "9": 97,
2025-07-14 16:43:36.949 |           "10": 128,
2025-07-14 16:43:36.949 |           "11": 153,
2025-07-14 16:43:36.949 |           "12": 235,
2025-07-14 16:43:36.949 |           "13": 32,
2025-07-14 16:43:36.949 |           "14": 49,
2025-07-14 16:43:36.949 |           "15": 238
2025-07-14 16:43:36.949 |         },
2025-07-14 16:43:36.949 |         "version": 2,
2025-07-14 16:43:36.949 |         "reportingTag": {
2025-07-14 16:43:36.949 |           "0": 1,
2025-07-14 16:43:36.949 |           "1": 8,
2025-07-14 16:43:36.949 |           "2": 226,
2025-07-14 16:43:36.949 |           "3": 191,
2025-07-14 16:43:36.949 |           "4": 132,
2025-07-14 16:43:36.949 |           "5": 140,
2025-07-14 16:43:36.949 |           "6": 16,
2025-07-14 16:43:36.949 |           "7": 1,
2025-07-14 16:43:36.949 |           "8": 181,
2025-07-14 16:43:36.949 |           "9": 132,
2025-07-14 16:43:36.949 |           "10": 3,
2025-07-14 16:43:36.949 |           "11": 163,
2025-07-14 16:43:36.949 |           "12": 248,
2025-07-14 16:43:36.949 |           "13": 192,
2025-07-14 16:43:36.949 |           "14": 92,
2025-07-14 16:43:36.949 |           "15": 232,
2025-07-14 16:43:36.949 |           "16": 217,
2025-07-14 16:43:36.949 |           "17": 223,
2025-07-14 16:43:36.949 |           "18": 116,
2025-07-14 16:43:36.949 |           "19": 8
2025-07-14 16:43:36.949 |         }
2025-07-14 16:43:36.949 |       },
2025-07-14 16:43:36.949 |       "requiresDirectConnection": null,
2025-07-14 16:43:36.949 |       "bizContentPlaceholderType": null,
2025-07-14 16:43:36.949 |       "hostedBizEncStateMismatch": false,
2025-07-14 16:43:36.949 |       "senderOrRecipientAccountTypeHosted": false,
2025-07-14 16:43:36.949 |       "placeholderCreatedWhenAccountIsHosted": false,
2025-07-14 16:43:36.949 |       "links": []
2025-07-14 16:43:36.949 |     }
2025-07-14 16:43:36.949 |   },
2025-07-14 16:43:36.949 |   "engine": "WEBJS",
2025-07-14 16:43:36.949 |   "environment": {
2025-07-14 16:43:36.949 |     "version": "2025.2.1",
2025-07-14 16:43:36.949 |     "engine": "WEBJS",
2025-07-14 16:43:36.949 |     "tier": "CORE",
2025-07-14 16:43:36.949 |     "browser": "/usr/bin/chromium"
2025-07-14 16:43:36.949 |   }
2025-07-14 16:43:36.949 | }
2025-07-14 16:43:36.949 | 2025-07-14 21:43:36,948 - [INFO] - Webhook validado y encolado para procesamiento.
2025-07-14 16:43:36.950 | INFO:     172.18.0.1:40836 - "POST /api/webhooks/waha/wa_instance_1_477bdd38 HTTP/1.1" 200 OK
2025-07-14 16:43:36.950 | 2025-07-14 21:43:36,950 - [INFO] - --- [BG-TASK] Iniciando procesado para la instancia 'wa_instance_1_477bdd38' ---
2025-07-14 16:43:36.950 | 2025-07-14 21:43:36,950 - [INFO] - Datos (ENTRANTE) -> Contacto: Jim Padilla (51921281892), Mensaje: 'Qué fue'
2025-07-14 16:43:37.018 | 2025-07-14 21:43:37,018 - [INFO] - GHL API Call (get_or_create_contact): Intentando crear/obtener contacto para 51921281892
2025-07-14 16:43:37.402 | 2025-07-14 21:43:37,401 - [INFO] - HTTP Request: POST https://services.leadconnectorhq.com/conversations/messages "HTTP/1.1 201 Created"
2025-07-14 16:43:37.403 | 2025-07-14 21:43:37,402 - [INFO] - GHL API Response: Mensaje para K1ZtJZXHtJlZqUJBBZsa añadido exitosamente.
2025-07-14 16:43:37.403 | 2025-07-14 21:43:37,403 - [INFO] - ? ¡ÉXITO TOTAL! Mensaje (ENTRANTE) del contacto K1ZtJZXHtJlZqUJBBZsa procesado.
2025-07-14 16:43:37.403 | 2025-07-14 21:43:37,403 - [INFO] - ==================== FIN DE TAREA PARA 'wa_instance_1_477bdd38' ====================
2025-07-14 16:43:37.665 | 2025-07-14 21:43:37,664 - [INFO] - HTTP Request: POST https://services.leadconnectorhq.com/contacts/ "HTTP/1.1 400 Bad Request"
2025-07-14 16:43:37.666 | 2025-07-14 21:43:37,665 - [INFO] - Contacto ya existente. ID recuperado del error: K1ZtJZXHtJlZqUJBBZsa
2025-07-14 16:43:37.666 | 2025-07-14 21:43:37,666 - [INFO] - Contacto en GHL listo. ID: K1ZtJZXHtJlZqUJBBZsa. Procediendo a añadir el mensaje...
2025-07-14 16:43:37.698 | 2025-07-14 21:43:37,697 - [INFO] - Buscando conversationId para el contacto: K1ZtJZXHtJlZqUJBBZsa
2025-07-14 16:43:38.469 | 2025-07-14 21:43:38,468 - [INFO] - HTTP Request: GET https://services.leadconnectorhq.com/conversations/search?contactId=K1ZtJZXHtJlZqUJBBZsa "HTTP/1.1 200 OK"
2025-07-14 16:43:38.471 | 2025-07-14 21:43:38,470 - [WARNING] - No se encontró conversationId para K1ZtJZXHtJlZqUJBBZsa. Se usará el contactId como fallback.
2025-07-14 16:43:38.506 | 2025-07-14 21:43:38,505 - [INFO] - GHL API Call (add_message): Añadiendo mensaje con payload: {"type": "WhatsApp", "contactId": "K1ZtJZXHtJlZqUJBBZsa", "conversationId": "K1ZtJZXHtJlZqUJBBZsa", "message": "Qu\u00e9 fue", "direction": "inbound"}
2025-07-14 16:43:39.567 | 2025-07-14 21:43:39,566 - [INFO] - HTTP Request: POST https://services.leadconnectorhq.com/conversations/messages "HTTP/1.1 201 Created"
2025-07-14 16:43:39.567 | 2025-07-14 21:43:39,567 - [INFO] - GHL API Response: Mensaje para K1ZtJZXHtJlZqUJBBZsa añadido exitosamente.
2025-07-14 16:43:39.568 | 2025-07-14 21:43:39,567 - [INFO] - ? ¡ÉXITO TOTAL! Mensaje (ENTRANTE) del contacto K1ZtJZXHtJlZqUJBBZsa procesado.
2025-07-14 16:43:39.568 | 2025-07-14 21:43:39,567 - [INFO] - ==================== FIN DE TAREA PARA 'wa_instance_1_477bdd38' ====================
2025-07-14 16:43:40.046 | INFO:     172.18.0.1:40836 - "POST /api/webhooks/waha/wa_instance_1_477bdd38 HTTP/1.1" 200 OK
2025-07-14 16:43:40.071 | 2025-07-14 21:43:40,070 - [INFO] - ==================== INICIO DE WEBHOOK DE CHAT ====================
2025-07-14 16:43:40.071 | 2025-07-14 21:43:40,070 - [INFO] - Webhook de chat válido recibido para la instancia 'wa_instance_1_477bdd38'
2025-07-14 16:43:40.071 | 2025-07-14 21:43:40,071 - [INFO] - Payload crudo procesado:
2025-07-14 16:43:40.071 | {
2025-07-14 16:43:40.071 |   "id": "evt_01k05e9fs1nh1qwkvf7pb0tsse",
2025-07-14 16:43:40.071 |   "event": "message",
2025-07-14 16:43:40.071 |   "session": "default",
2025-07-14 16:43:40.071 |   "me": {
2025-07-14 16:43:40.071 |     "id": "51961001307@c.us",
2025-07-14 16:43:40.071 |     "pushName": "Sebastian Mafaldo"
2025-07-14 16:43:40.071 |   },
2025-07-14 16:43:40.071 |   "payload": {
2025-07-14 16:43:40.071 |     "id": "false_51922726164@c.us_3F9BECBD0D02E0F0DD3E",
2025-07-14 16:43:40.071 |     "timestamp": 1752529419,
2025-07-14 16:43:40.071 |     "from": "51922726164@c.us",
2025-07-14 16:43:40.071 |     "fromMe": false,
2025-07-14 16:43:40.071 |     "to": "51961001307@c.us",
2025-07-14 16:43:40.071 |     "body": "si bebebee",
2025-07-14 16:43:40.071 |     "hasMedia": false,
2025-07-14 16:43:40.071 |     "ack": 1,
2025-07-14 16:43:40.071 |     "ackName": "SERVER",
2025-07-14 16:43:40.071 |     "vCards": [],
2025-07-14 16:43:40.071 |     "_data": {
2025-07-14 16:43:40.071 |       "id": {
2025-07-14 16:43:40.071 |         "fromMe": false,
2025-07-14 16:43:40.071 |         "remote": "51922726164@c.us",
2025-07-14 16:43:40.071 |         "id": "3F9BECBD0D02E0F0DD3E",
2025-07-14 16:43:40.071 |         "_serialized": "false_51922726164@c.us_3F9BECBD0D02E0F0DD3E"
2025-07-14 16:43:40.071 |       },
2025-07-14 16:43:40.071 |       "viewed": false,
2025-07-14 16:43:40.071 |       "body": "si bebebee",
2025-07-14 16:43:40.071 |       "type": "chat",
2025-07-14 16:43:40.071 |       "t": 1752529419,
2025-07-14 16:43:40.071 |       "notifyName": "Heidi Celeste",
2025-07-14 16:43:40.071 |       "from": "51922726164@c.us",
2025-07-14 16:43:40.071 |       "to": "51961001307@c.us",
2025-07-14 16:43:40.071 |       "ack": 1,
2025-07-14 16:43:40.071 |       "invis": false,
2025-07-14 16:43:40.071 |       "isNewMsg": true,
2025-07-14 16:43:40.071 |       "star": false,
2025-07-14 16:43:40.071 |       "kicNotified": false,
2025-07-14 16:43:40.071 |       "recvFresh": true,
2025-07-14 16:43:40.071 |       "isFromTemplate": false,
2025-07-14 16:43:40.071 |       "thumbnail": "",
2025-07-14 16:43:40.071 |       "pollInvalidated": false,
2025-07-14 16:43:40.071 |       "isSentCagPollCreation": false,
2025-07-14 16:43:40.071 |       "latestEditMsgKey": null,
2025-07-14 16:43:40.071 |       "latestEditSenderTimestampMs": null,
2025-07-14 16:43:40.071 |       "mentionedJidList": [],
2025-07-14 16:43:40.071 |       "groupMentions": [],
2025-07-14 16:43:40.071 |       "isEventCanceled": false,
2025-07-14 16:43:40.071 |       "eventInvalidated": false,
2025-07-14 16:43:40.071 |       "isVcardOverMmsDocument": false,
2025-07-14 16:43:40.071 |       "hasReaction": false,
2025-07-14 16:43:40.071 |       "ephemeralDuration": 0,
2025-07-14 16:43:40.071 |       "ephemeralSettingTimestamp": 0,
2025-07-14 16:43:40.071 |       "disappearingModeInitiator": "chat",
2025-07-14 16:43:40.071 |       "disappearingModeTrigger": "chat_settings",
2025-07-14 16:43:40.071 |       "viewMode": "VISIBLE",
2025-07-14 16:43:40.071 |       "productHeaderImageRejected": false,
2025-07-14 16:43:40.071 |       "lastPlaybackProgress": 0,
2025-07-14 16:43:40.071 |       "isDynamicReplyButtonsMsg": false,
2025-07-14 16:43:40.071 |       "isCarouselCard": false,
2025-07-14 16:43:40.071 |       "parentMsgId": null,
2025-07-14 16:43:40.071 |       "callSilenceReason": null,
2025-07-14 16:43:40.071 |       "isVideoCall": false,
2025-07-14 16:43:40.071 |       "callDuration": null,
2025-07-14 16:43:40.071 |       "callCreator": null,
2025-07-14 16:43:40.071 |       "callParticipants": null,
2025-07-14 16:43:40.071 |       "isCallLink": null,
2025-07-14 16:43:40.071 |       "callLinkToken": null,
2025-07-14 16:43:40.071 |       "isMdHistoryMsg": false,
2025-07-14 16:43:40.071 |       "stickerSentTs": 0,
2025-07-14 16:43:40.071 |       "isAvatar": false,
2025-07-14 16:43:40.071 |       "lastUpdateFromServerTs": 0,
2025-07-14 16:43:40.071 |       "invokedBotWid": null,
2025-07-14 16:43:40.071 |       "bizBotType": null,
2025-07-14 16:43:40.071 |       "botResponseTargetId": null,
2025-07-14 16:43:40.071 |       "botPluginType": null,
2025-07-14 16:43:40.071 |       "botPluginReferenceIndex": null,
2025-07-14 16:43:40.071 |       "botPluginSearchProvider": null,
2025-07-14 16:43:40.071 |       "botPluginSearchUrl": null,
2025-07-14 16:43:40.071 |       "botPluginSearchQuery": null,
2025-07-14 16:43:40.071 |       "botPluginMaybeParent": false,
2025-07-14 16:43:40.071 |       "botReelPluginThumbnailCdnUrl": null,
2025-07-14 16:43:40.071 |       "botMessageDisclaimerText": null,
2025-07-14 16:43:40.071 |       "botMsgBodyType": null,
2025-07-14 16:43:40.071 |       "reportingTokenInfo": {
2025-07-14 16:43:40.071 |         "reportingTag": {
2025-07-14 16:43:40.071 |           "0": 1,
2025-07-14 16:43:40.071 |           "1": 8,
2025-07-14 16:43:40.071 |           "2": 228,
2025-07-14 16:43:40.071 |           "3": 222,
2025-07-14 16:43:40.071 |           "4": 174,
2025-07-14 16:43:40.071 |           "5": 121,
2025-07-14 16:43:40.071 |           "6": 55,
2025-07-14 16:43:40.071 |           "7": 169,
2025-07-14 16:43:40.071 |           "8": 124,
2025-07-14 16:43:40.071 |           "9": 35,
2025-07-14 16:43:40.071 |           "10": 132,
2025-07-14 16:43:40.071 |           "11": 48,
2025-07-14 16:43:40.071 |           "12": 244,
2025-07-14 16:43:40.071 |           "13": 251,
2025-07-14 16:43:40.071 |           "14": 87,
2025-07-14 16:43:40.071 |           "15": 155
2025-07-14 16:43:40.071 |         }
2025-07-14 16:43:40.071 |       },
2025-07-14 16:43:40.071 |       "requiresDirectConnection": null,
2025-07-14 16:43:40.071 |       "bizContentPlaceholderType": null,
2025-07-14 16:43:40.071 |       "hostedBizEncStateMismatch": false,
2025-07-14 16:43:40.071 |       "senderOrRecipientAccountTypeHosted": false,
2025-07-14 16:43:40.071 |       "placeholderCreatedWhenAccountIsHosted": false,
2025-07-14 16:43:40.071 |       "links": []
2025-07-14 16:43:40.071 |     }
2025-07-14 16:43:40.071 |   },
2025-07-14 16:43:40.071 |   "engine": "WEBJS",
2025-07-14 16:43:40.071 |   "environment": {
2025-07-14 16:43:40.071 |     "version": "2025.2.1",
2025-07-14 16:43:40.071 |     "engine": "WEBJS",
2025-07-14 16:43:40.071 |     "tier": "CORE",
2025-07-14 16:43:40.071 |     "browser": "/usr/bin/chromium"
2025-07-14 16:43:40.071 |   }
2025-07-14 16:43:40.071 | }
2025-07-14 16:43:40.071 | 2025-07-14 21:43:40,071 - [INFO] - Webhook validado y encolado para procesamiento.
2025-07-14 16:43:40.072 | INFO:     172.18.0.1:40836 - "POST /api/webhooks/waha/wa_instance_1_477bdd38 HTTP/1.1" 200 OK
2025-07-14 16:43:40.072 | 2025-07-14 21:43:40,072 - [INFO] - --- [BG-TASK] Iniciando procesado para la instancia 'wa_instance_1_477bdd38' ---
2025-07-14 16:43:40.072 | 2025-07-14 21:43:40,072 - [INFO] - Datos (ENTRANTE) -> Contacto: Heidi Celeste (51922726164), Mensaje: 'si bebebee'
2025-07-14 16:43:40.132 | 2025-07-14 21:43:40,132 - [INFO] - GHL API Call (get_or_create_contact): Intentando crear/obtener contacto para 51922726164
2025-07-14 16:43:40.630 | 2025-07-14 21:43:40,629 - [INFO] - HTTP Request: POST https://services.leadconnectorhq.com/contacts/ "HTTP/1.1 400 Bad Request"
2025-07-14 16:43:40.631 | 2025-07-14 21:43:40,631 - [INFO] - Contacto ya existente. ID recuperado del error: ZhDEfMqaL6Asv7hLZ8uc
2025-07-14 16:43:40.632 | 2025-07-14 21:43:40,631 - [INFO] - Contacto en GHL listo. ID: ZhDEfMqaL6Asv7hLZ8uc. Procediendo a añadir el mensaje...
2025-07-14 16:43:40.682 | 2025-07-14 21:43:40,682 - [INFO] - Buscando conversationId para el contacto: ZhDEfMqaL6Asv7hLZ8uc
2025-07-14 16:43:40.687 | 2025-07-14 21:43:40,686 - [INFO] - ==================== INICIO DE WEBHOOK DE CHAT ====================
2025-07-14 16:43:40.687 | 2025-07-14 21:43:40,687 - [INFO] - Webhook de chat válido recibido para la instancia 'wa_instance_1_477bdd38'
2025-07-14 16:43:40.697 | 2025-07-14 21:43:40,697 - [INFO] - Payload crudo procesado:
2025-07-14 16:43:40.697 | {
2025-07-14 16:43:40.697 |   "id": "evt_01k05e9gca69m32nn46gc81bqf",
2025-07-14 16:43:40.697 |   "event": "message",
2025-07-14 16:43:40.697 |   "session": "default",
2025-07-14 16:43:40.697 |   "me": {
2025-07-14 16:43:40.697 |     "id": "51961001307@c.us",
2025-07-14 16:43:40.697 |     "pushName": "Sebastian Mafaldo"
2025-07-14 16:43:40.697 |   },
2025-07-14 16:43:40.697 |   "payload": {
2025-07-14 16:43:40.697 |     "id": "false_51922726164@c.us_3FB2D9A80C4498655AA6",
2025-07-14 16:43:40.697 |     "timestamp": 1752529420,
2025-07-14 16:43:40.697 |     "from": "51922726164@c.us",
2025-07-14 16:43:40.697 |     "fromMe": false,
2025-07-14 16:43:40.697 |     "to": "51961001307@c.us",
2025-07-14 16:43:40.697 |     "body": "jajajaja",
2025-07-14 16:43:40.697 |     "hasMedia": false,
2025-07-14 16:43:40.697 |     "ack": 1,
2025-07-14 16:43:40.697 |     "ackName": "SERVER",
2025-07-14 16:43:40.697 |     "vCards": [],
2025-07-14 16:43:40.697 |     "_data": {
2025-07-14 16:43:40.697 |       "id": {
2025-07-14 16:43:40.697 |         "fromMe": false,
2025-07-14 16:43:40.697 |         "remote": "51922726164@c.us",
2025-07-14 16:43:40.697 |         "id": "3FB2D9A80C4498655AA6",
2025-07-14 16:43:40.697 |         "_serialized": "false_51922726164@c.us_3FB2D9A80C4498655AA6"
2025-07-14 16:43:40.697 |       },
2025-07-14 16:43:40.697 |       "viewed": false,
2025-07-14 16:43:40.697 |       "body": "jajajaja",
2025-07-14 16:43:40.697 |       "type": "chat",
2025-07-14 16:43:40.697 |       "t": 1752529420,
2025-07-14 16:43:40.697 |       "notifyName": "Heidi Celeste",
2025-07-14 16:43:40.697 |       "from": "51922726164@c.us",
2025-07-14 16:43:40.697 |       "to": "51961001307@c.us",
2025-07-14 16:43:40.697 |       "ack": 1,
2025-07-14 16:43:40.697 |       "invis": false,
2025-07-14 16:43:40.697 |       "isNewMsg": true,
2025-07-14 16:43:40.697 |       "star": false,
2025-07-14 16:43:40.697 |       "kicNotified": false,
2025-07-14 16:43:40.697 |       "recvFresh": true,
2025-07-14 16:43:40.697 |       "isFromTemplate": false,
2025-07-14 16:43:40.697 |       "thumbnail": "",
2025-07-14 16:43:40.697 |       "pollInvalidated": false,
2025-07-14 16:43:40.697 |       "isSentCagPollCreation": false,
2025-07-14 16:43:40.697 |       "latestEditMsgKey": null,
2025-07-14 16:43:40.697 |       "latestEditSenderTimestampMs": null,
2025-07-14 16:43:40.697 |       "mentionedJidList": [],
2025-07-14 16:43:40.697 |       "groupMentions": [],
2025-07-14 16:43:40.697 |       "isEventCanceled": false,
2025-07-14 16:43:40.698 |       "eventInvalidated": false,
2025-07-14 16:43:40.698 |       "isVcardOverMmsDocument": false,
2025-07-14 16:43:40.698 |       "hasReaction": false,
2025-07-14 16:43:40.698 |       "ephemeralDuration": 0,
2025-07-14 16:43:40.698 |       "ephemeralSettingTimestamp": 0,
2025-07-14 16:43:40.698 |       "disappearingModeInitiator": "chat",
2025-07-14 16:43:40.698 |       "disappearingModeTrigger": "chat_settings",
2025-07-14 16:43:40.698 |       "viewMode": "VISIBLE",
2025-07-14 16:43:40.698 |       "productHeaderImageRejected": false,
2025-07-14 16:43:40.698 |       "lastPlaybackProgress": 0,
2025-07-14 16:43:40.698 |       "isDynamicReplyButtonsMsg": false,
2025-07-14 16:43:40.698 |       "isCarouselCard": false,
2025-07-14 16:43:40.698 |       "parentMsgId": null,
2025-07-14 16:43:40.698 |       "callSilenceReason": null,
2025-07-14 16:43:40.698 |       "isVideoCall": false,
2025-07-14 16:43:40.698 |       "callDuration": null,
2025-07-14 16:43:40.698 |       "callCreator": null,
2025-07-14 16:43:40.698 |       "callParticipants": null,
2025-07-14 16:43:40.698 |       "isCallLink": null,
2025-07-14 16:43:40.698 |       "callLinkToken": null,
2025-07-14 16:43:40.698 |       "isMdHistoryMsg": false,
2025-07-14 16:43:40.698 |       "stickerSentTs": 0,
2025-07-14 16:43:40.698 |       "isAvatar": false,
2025-07-14 16:43:40.698 |       "lastUpdateFromServerTs": 0,
2025-07-14 16:43:40.698 |       "invokedBotWid": null,
2025-07-14 16:43:40.698 |       "bizBotType": null,
2025-07-14 16:43:40.698 |       "botResponseTargetId": null,
2025-07-14 16:43:40.698 |       "botPluginType": null,
2025-07-14 16:43:40.698 |       "botPluginReferenceIndex": null,
2025-07-14 16:43:40.698 |       "botPluginSearchProvider": null,
2025-07-14 16:43:40.698 |       "botPluginSearchUrl": null,
2025-07-14 16:43:40.698 |       "botPluginSearchQuery": null,
2025-07-14 16:43:40.698 |       "botPluginMaybeParent": false,
2025-07-14 16:43:40.698 |       "botReelPluginThumbnailCdnUrl": null,
2025-07-14 16:43:40.698 |       "botMessageDisclaimerText": null,
2025-07-14 16:43:40.698 |       "botMsgBodyType": null,
2025-07-14 16:43:40.698 |       "reportingTokenInfo": {
2025-07-14 16:43:40.698 |         "reportingTag": {
2025-07-14 16:43:40.698 |           "0": 1,
2025-07-14 16:43:40.698 |           "1": 8,
2025-07-14 16:43:40.698 |           "2": 170,
2025-07-14 16:43:40.698 |           "3": 56,
2025-07-14 16:43:40.698 |           "4": 39,
2025-07-14 16:43:40.698 |           "5": 3,
2025-07-14 16:43:40.698 |           "6": 16,
2025-07-14 16:43:40.698 |           "7": 80,
2025-07-14 16:43:40.698 |           "8": 162,
2025-07-14 16:43:40.698 |           "9": 106,
2025-07-14 16:43:40.698 |           "10": 191,
2025-07-14 16:43:40.698 |           "11": 89,
2025-07-14 16:43:40.698 |           "12": 54,
2025-07-14 16:43:40.698 |           "13": 249,
2025-07-14 16:43:40.698 |           "14": 19,
2025-07-14 16:43:40.698 |           "15": 173
2025-07-14 16:43:40.698 |         }
2025-07-14 16:43:40.698 |       },
2025-07-14 16:43:40.698 |       "requiresDirectConnection": null,
2025-07-14 16:43:40.698 |       "bizContentPlaceholderType": null,
2025-07-14 16:43:40.698 |       "hostedBizEncStateMismatch": false,
2025-07-14 16:43:40.698 |       "senderOrRecipientAccountTypeHosted": false,
2025-07-14 16:43:40.698 |       "placeholderCreatedWhenAccountIsHosted": false,
2025-07-14 16:43:40.698 |       "links": []
2025-07-14 16:43:40.698 |     }
2025-07-14 16:43:40.698 |   },
2025-07-14 16:43:40.698 |   "engine": "WEBJS",
2025-07-14 16:43:40.698 |   "environment": {
2025-07-14 16:43:40.698 |     "version": "2025.2.1",
2025-07-14 16:43:40.698 |     "engine": "WEBJS",
2025-07-14 16:43:40.698 |     "tier": "CORE",
2025-07-14 16:43:40.698 |     "browser": "/usr/bin/chromium"
2025-07-14 16:43:40.698 |   }
2025-07-14 16:43:40.698 | }
2025-07-14 16:43:40.698 | 2025-07-14 21:43:40,697 - [INFO] - Webhook validado y encolado para procesamiento.
2025-07-14 16:43:40.703 | INFO:     172.18.0.1:40836 - "POST /api/webhooks/waha/wa_instance_1_477bdd38 HTTP/1.1" 200 OK
2025-07-14 16:43:40.703 | 2025-07-14 21:43:40,703 - [INFO] - --- [BG-TASK] Iniciando procesado para la instancia 'wa_instance_1_477bdd38' ---
2025-07-14 16:43:40.703 | 2025-07-14 21:43:40,703 - [INFO] - Datos (ENTRANTE) -> Contacto: Heidi Celeste (51922726164), Mensaje: 'jajajaja'
2025-07-14 16:43:40.746 | 2025-07-14 21:43:40,746 - [INFO] - GHL API Call (get_or_create_contact): Intentando crear/obtener contacto para 51922726164
2025-07-14 16:43:41.268 | 2025-07-14 21:43:41,268 - [INFO] - HTTP Request: GET https://services.leadconnectorhq.com/conversations/search?contactId=ZhDEfMqaL6Asv7hLZ8uc "HTTP/1.1 200 OK"
2025-07-14 16:43:41.270 | 2025-07-14 21:43:41,269 - [INFO] - ConversationId encontrado: qL3AslbEIdywrbsIvdP9
2025-07-14 16:43:41.315 | 2025-07-14 21:43:41,315 - [INFO] - GHL API Call (add_message): Añadiendo mensaje con payload: {"type": "WhatsApp", "contactId": "ZhDEfMqaL6Asv7hLZ8uc", "conversationId": "qL3AslbEIdywrbsIvdP9", "message": "si bebebee", "direction": "inbound"}
2025-07-14 16:43:41.317 | 2025-07-14 21:43:41,317 - [INFO] - HTTP Request: POST https://services.leadconnectorhq.com/contacts/ "HTTP/1.1 400 Bad Request"
2025-07-14 16:43:41.318 | 2025-07-14 21:43:41,318 - [INFO] - Contacto ya existente. ID recuperado del error: ZhDEfMqaL6Asv7hLZ8uc
2025-07-14 16:43:41.318 | 2025-07-14 21:43:41,318 - [INFO] - Contacto en GHL listo. ID: ZhDEfMqaL6Asv7hLZ8uc. Procediendo a añadir el mensaje...
2025-07-14 16:43:41.355 | 2025-07-14 21:43:41,354 - [INFO] - Buscando conversationId para el contacto: ZhDEfMqaL6Asv7hLZ8uc
2025-07-14 16:43:41.907 | 2025-07-14 21:43:41,906 - [INFO] - HTTP Request: GET https://services.leadconnectorhq.com/conversations/search?contactId=ZhDEfMqaL6Asv7hLZ8uc "HTTP/1.1 200 OK"
2025-07-14 16:43:41.908 | 2025-07-14 21:43:41,908 - [INFO] - ConversationId encontrado: qL3AslbEIdywrbsIvdP9
2025-07-14 16:43:41.949 | 2025-07-14 21:43:41,948 - [INFO] - GHL API Call (add_message): Añadiendo mensaje con payload: {"type": "WhatsApp", "contactId": "ZhDEfMqaL6Asv7hLZ8uc", "conversationId": "qL3AslbEIdywrbsIvdP9", "message": "jajajaja", "direction": "inbound"}
2025-07-14 16:43:42.412 | 2025-07-14 21:43:42,411 - [INFO] - HTTP Request: POST https://services.leadconnectorhq.com/conversations/messages "HTTP/1.1 201 Created"
2025-07-14 16:43:42.413 | 2025-07-14 21:43:42,412 - [INFO] - GHL API Response: Mensaje para ZhDEfMqaL6Asv7hLZ8uc añadido exitosamente.
2025-07-14 16:43:42.413 | 2025-07-14 21:43:42,413 - [INFO] - ? ¡ÉXITO TOTAL! Mensaje (ENTRANTE) del contacto ZhDEfMqaL6Asv7hLZ8uc procesado.
2025-07-14 16:43:42.413 | 2025-07-14 21:43:42,413 - [INFO] - ==================== FIN DE TAREA PARA 'wa_instance_1_477bdd38' ====================
2025-07-14 16:43:43.001 | 2025-07-14 21:43:43,000 - [INFO] - HTTP Request: POST https://services.leadconnectorhq.com/conversations/messages "HTTP/1.1 201 Created"
2025-07-14 16:43:43.002 | 2025-07-14 21:43:43,001 - [INFO] - GHL API Response: Mensaje para ZhDEfMqaL6Asv7hLZ8uc añadido exitosamente.
2025-07-14 16:43:43.002 | 2025-07-14 21:43:43,002 - [INFO] - ? ¡ÉXITO TOTAL! Mensaje (ENTRANTE) del contacto ZhDEfMqaL6Asv7hLZ8uc procesado.
2025-07-14 16:43:43.002 | 2025-07-14 21:43:43,002 - [INFO] - ==================== FIN DE TAREA PARA 'wa_instance_1_477bdd38' ====================
2025-07-14 16:43:45.776 | 2025-07-14 21:43:45,775 - [INFO] - ==================== INICIO DE WEBHOOK DE CHAT ====================
2025-07-14 16:43:45.776 | 2025-07-14 21:43:45,775 - [INFO] - Webhook de chat válido recibido para la instancia 'wa_instance_1_477bdd38'
2025-07-14 16:43:45.776 | 2025-07-14 21:43:45,776 - [INFO] - Payload crudo procesado:
2025-07-14 16:43:45.776 | {
2025-07-14 16:43:45.776 |   "id": "evt_01k05e9nb6qhv47gdf7jxyeyve",
2025-07-14 16:43:45.776 |   "event": "message",
2025-07-14 16:43:45.776 |   "session": "default",
2025-07-14 16:43:45.776 |   "me": {
2025-07-14 16:43:45.776 |     "id": "51961001307@c.us",
2025-07-14 16:43:45.776 |     "pushName": "Sebastian Mafaldo"
2025-07-14 16:43:45.776 |   },
2025-07-14 16:43:45.776 |   "payload": {
2025-07-14 16:43:45.776 |     "id": "false_51922726164@c.us_3F0E58573D78BAF09A3A",
2025-07-14 16:43:45.776 |     "timestamp": 1752529425,
2025-07-14 16:43:45.776 |     "from": "51922726164@c.us",
2025-07-14 16:43:45.776 |     "fromMe": false,
2025-07-14 16:43:45.776 |     "to": "51961001307@c.us",
2025-07-14 16:43:45.776 |     "body": "al fin estar\u00e1 el piolino",
2025-07-14 16:43:45.776 |     "hasMedia": false,
2025-07-14 16:43:45.776 |     "ack": 1,
2025-07-14 16:43:45.776 |     "ackName": "SERVER",
2025-07-14 16:43:45.776 |     "vCards": [],
2025-07-14 16:43:45.776 |     "_data": {
2025-07-14 16:43:45.776 |       "id": {
2025-07-14 16:43:45.776 |         "fromMe": false,
2025-07-14 16:43:45.776 |         "remote": "51922726164@c.us",
2025-07-14 16:43:45.776 |         "id": "3F0E58573D78BAF09A3A",
2025-07-14 16:43:45.776 |         "_serialized": "false_51922726164@c.us_3F0E58573D78BAF09A3A"
2025-07-14 16:43:45.776 |       },
2025-07-14 16:43:45.776 |       "viewed": false,
2025-07-14 16:43:45.776 |       "body": "al fin estar\u00e1 el piolino",
2025-07-14 16:43:45.776 |       "type": "chat",
2025-07-14 16:43:45.776 |       "t": 1752529425,
2025-07-14 16:43:45.776 |       "notifyName": "Heidi Celeste",
2025-07-14 16:43:45.776 |       "from": "51922726164@c.us",
2025-07-14 16:43:45.776 |       "to": "51961001307@c.us",
2025-07-14 16:43:45.776 |       "ack": 1,
2025-07-14 16:43:45.776 |       "invis": false,
2025-07-14 16:43:45.776 |       "isNewMsg": true,
2025-07-14 16:43:45.776 |       "star": false,
2025-07-14 16:43:45.776 |       "kicNotified": false,
2025-07-14 16:43:45.776 |       "recvFresh": true,
2025-07-14 16:43:45.776 |       "isFromTemplate": false,
2025-07-14 16:43:45.776 |       "thumbnail": "",
2025-07-14 16:43:45.776 |       "pollInvalidated": false,
2025-07-14 16:43:45.776 |       "isSentCagPollCreation": false,
2025-07-14 16:43:45.776 |       "latestEditMsgKey": null,
2025-07-14 16:43:45.776 |       "latestEditSenderTimestampMs": null,
2025-07-14 16:43:45.776 |       "mentionedJidList": [],
2025-07-14 16:43:45.776 |       "groupMentions": [],
2025-07-14 16:43:45.776 |       "isEventCanceled": false,
2025-07-14 16:43:45.776 |       "eventInvalidated": false,
2025-07-14 16:43:45.776 |       "isVcardOverMmsDocument": false,
2025-07-14 16:43:45.776 |       "hasReaction": false,
2025-07-14 16:43:45.776 |       "ephemeralDuration": 0,
2025-07-14 16:43:45.776 |       "ephemeralSettingTimestamp": 0,
2025-07-14 16:43:45.776 |       "disappearingModeInitiator": "chat",
2025-07-14 16:43:45.776 |       "disappearingModeTrigger": "chat_settings",
2025-07-14 16:43:45.776 |       "viewMode": "VISIBLE",
2025-07-14 16:43:45.776 |       "productHeaderImageRejected": false,
2025-07-14 16:43:45.776 |       "lastPlaybackProgress": 0,
2025-07-14 16:43:45.776 |       "isDynamicReplyButtonsMsg": false,
2025-07-14 16:43:45.776 |       "isCarouselCard": false,
2025-07-14 16:43:45.776 |       "parentMsgId": null,
2025-07-14 16:43:45.776 |       "callSilenceReason": null,
2025-07-14 16:43:45.776 |       "isVideoCall": false,
2025-07-14 16:43:45.776 |       "callDuration": null,
2025-07-14 16:43:45.776 |       "callCreator": null,
2025-07-14 16:43:45.776 |       "callParticipants": null,
2025-07-14 16:43:45.776 |       "isCallLink": null,
2025-07-14 16:43:45.776 |       "callLinkToken": null,
2025-07-14 16:43:45.776 |       "isMdHistoryMsg": false,
2025-07-14 16:43:45.776 |       "stickerSentTs": 0,
2025-07-14 16:43:45.776 |       "isAvatar": false,
2025-07-14 16:43:45.776 |       "lastUpdateFromServerTs": 0,
2025-07-14 16:43:45.776 |       "invokedBotWid": null,
2025-07-14 16:43:45.776 |       "bizBotType": null,
2025-07-14 16:43:45.776 |       "botResponseTargetId": null,
2025-07-14 16:43:45.776 |       "botPluginType": null,
2025-07-14 16:43:45.776 |       "botPluginReferenceIndex": null,
2025-07-14 16:43:45.776 |       "botPluginSearchProvider": null,
2025-07-14 16:43:45.776 |       "botPluginSearchUrl": null,
2025-07-14 16:43:45.776 |       "botPluginSearchQuery": null,
2025-07-14 16:43:45.776 |       "botPluginMaybeParent": false,
2025-07-14 16:43:45.776 |       "botReelPluginThumbnailCdnUrl": null,
2025-07-14 16:43:45.776 |       "botMessageDisclaimerText": null,
2025-07-14 16:43:45.776 |       "botMsgBodyType": null,
2025-07-14 16:43:45.776 |       "reportingTokenInfo": {
2025-07-14 16:43:45.776 |         "reportingTag": {
2025-07-14 16:43:45.776 |           "0": 1,
2025-07-14 16:43:45.776 |           "1": 8,
2025-07-14 16:43:45.776 |           "2": 192,
2025-07-14 16:43:45.776 |           "3": 120,
2025-07-14 16:43:45.776 |           "4": 177,
2025-07-14 16:43:45.776 |           "5": 12,
2025-07-14 16:43:45.776 |           "6": 153,
2025-07-14 16:43:45.776 |           "7": 215,
2025-07-14 16:43:45.776 |           "8": 3,
2025-07-14 16:43:45.776 |           "9": 28,
2025-07-14 16:43:45.776 |           "10": 205,
2025-07-14 16:43:45.776 |           "11": 213,
2025-07-14 16:43:45.776 |           "12": 10,
2025-07-14 16:43:45.776 |           "13": 143,
2025-07-14 16:43:45.776 |           "14": 152,
2025-07-14 16:43:45.776 |           "15": 207
2025-07-14 16:43:45.776 |         }
2025-07-14 16:43:45.776 |       },
2025-07-14 16:43:45.776 |       "requiresDirectConnection": null,
2025-07-14 16:43:45.776 |       "bizContentPlaceholderType": null,
2025-07-14 16:43:45.776 |       "hostedBizEncStateMismatch": false,
2025-07-14 16:43:45.776 |       "senderOrRecipientAccountTypeHosted": false,
2025-07-14 16:43:45.776 |       "placeholderCreatedWhenAccountIsHosted": false,
2025-07-14 16:43:45.776 |       "links": []
2025-07-14 16:43:45.776 |     }
2025-07-14 16:43:45.776 |   },
2025-07-14 16:43:45.776 |   "engine": "WEBJS",
2025-07-14 16:43:45.776 |   "environment": {
2025-07-14 16:43:45.776 |     "version": "2025.2.1",
2025-07-14 16:43:45.776 |     "engine": "WEBJS",
2025-07-14 16:43:45.776 |     "tier": "CORE",
2025-07-14 16:43:45.776 |     "browser": "/usr/bin/chromium"
2025-07-14 16:43:45.776 |   }
2025-07-14 16:43:45.776 | }
2025-07-14 16:43:45.776 | 2025-07-14 21:43:45,776 - [INFO] - Webhook validado y encolado para procesamiento.
2025-07-14 16:43:45.777 | INFO:     172.18.0.1:55794 - "POST /api/webhooks/waha/wa_instance_1_477bdd38 HTTP/1.1" 200 OK
2025-07-14 16:43:45.777 | 2025-07-14 21:43:45,777 - [INFO] - --- [BG-TASK] Iniciando procesado para la instancia 'wa_instance_1_477bdd38' ---
2025-07-14 16:43:45.777 | 2025-07-14 21:43:45,777 - [INFO] - Datos (ENTRANTE) -> Contacto: Heidi Celeste (51922726164), Mensaje: 'al fin estará el piolino'
2025-07-14 16:43:45.818 | 2025-07-14 21:43:45,817 - [INFO] - GHL API Call (get_or_create_contact): Intentando crear/obtener contacto para 51922726164
2025-07-14 16:43:46.336 | 2025-07-14 21:43:46,335 - [INFO] - HTTP Request: POST https://services.leadconnectorhq.com/contacts/ "HTTP/1.1 400 Bad Request"
2025-07-14 16:43:46.336 | 2025-07-14 21:43:46,336 - [INFO] - Contacto ya existente. ID recuperado del error: ZhDEfMqaL6Asv7hLZ8uc
2025-07-14 16:43:46.337 | 2025-07-14 21:43:46,336 - [INFO] - Contacto en GHL listo. ID: ZhDEfMqaL6Asv7hLZ8uc. Procediendo a añadir el mensaje...
2025-07-14 16:43:46.385 | 2025-07-14 21:43:46,384 - [INFO] - Buscando conversationId para el contacto: ZhDEfMqaL6Asv7hLZ8uc
2025-07-14 16:43:47.153 | 2025-07-14 21:43:47,152 - [INFO] - HTTP Request: GET https://services.leadconnectorhq.com/conversations/search?contactId=ZhDEfMqaL6Asv7hLZ8uc "HTTP/1.1 200 OK"
2025-07-14 16:43:47.178 | 2025-07-14 21:43:47,177 - [INFO] - ConversationId encontrado: qL3AslbEIdywrbsIvdP9
2025-07-14 16:43:47.224 | 2025-07-14 21:43:47,223 - [INFO] - GHL API Call (add_message): Añadiendo mensaje con payload: {"type": "WhatsApp", "contactId": "ZhDEfMqaL6Asv7hLZ8uc", "conversationId": "qL3AslbEIdywrbsIvdP9", "message": "al fin estar\u00e1 el piolino", "direction": "inbound"}
2025-07-14 16:43:48.610 | 2025-07-14 21:43:48,609 - [INFO] - HTTP Request: POST https://services.leadconnectorhq.com/conversations/messages "HTTP/1.1 201 Created"
2025-07-14 16:43:48.611 | 2025-07-14 21:43:48,610 - [INFO] - GHL API Response: Mensaje para ZhDEfMqaL6Asv7hLZ8uc añadido exitosamente.
2025-07-14 16:43:48.611 | 2025-07-14 21:43:48,611 - [INFO] - ? ¡ÉXITO TOTAL! Mensaje (ENTRANTE) del contacto ZhDEfMqaL6Asv7hLZ8uc procesado.
2025-07-14 16:43:48.611 | 2025-07-14 21:43:48,611 - [INFO] - ==================== FIN DE TAREA PARA 'wa_instance_1_477bdd38' ====================